2023-10-08 13:38:46,897 - INFO - Saving file to /Users/kfelder/Desktop/uploads\SF-52_LN_RPA_Redacted.pdf
2023-10-08 13:38:46,897 - INFO - File saved, calling Celery task...
2023-10-08 13:38:46,906 - ERROR - Exception on /upload [POST]
Traceback (most recent call last):
  File "C:\Users\kfelder\Desktop\Projects\CHRA\myenv\Lib\site-packages\flask\app.py", line 1455, in wsgi_app
    response = self.full_dispatch_request()
               ^^^^^^^^^^^^^^^^^^^^^^^^^^^^
  File "C:\Users\kfelder\Desktop\Projects\CHRA\myenv\Lib\site-packages\flask\app.py", line 869, in full_dispatch_request
    rv = self.handle_user_exception(e)
         ^^^^^^^^^^^^^^^^^^^^^^^^^^^^^
  File "C:\Users\kfelder\Desktop\Projects\CHRA\myenv\Lib\site-packages\flask\app.py", line 867, in full_dispatch_request
    rv = self.dispatch_request()
         ^^^^^^^^^^^^^^^^^^^^^^^
  File "C:\Users\kfelder\Desktop\Projects\CHRA\myenv\Lib\site-packages\flask\app.py", line 852, in dispatch_request
    return self.ensure_sync(self.view_functions[rule.endpoint])(**view_args)
           ^^^^^^^^^^^^^^^^^^^^^^^^^^^^^^^^^^^^^^^^^^^^^^^^^^^^^^^^^^^^^^^^^
  File "C:\Users\kfelder\Desktop\Projects\automatic-system\app.py", line 41, in upload_file
    analyze_and_rename_document_task.delay(file_path)
  File "C:\Users\kfelder\Desktop\Projects\CHRA\myenv\Lib\site-packages\celery\app\task.py", line 444, in delay
    return self.apply_async(args, kwargs)
           ^^^^^^^^^^^^^^^^^^^^^^^^^^^^^^
  File "C:\Users\kfelder\Desktop\Projects\CHRA\myenv\Lib\site-packages\celery\app\task.py", line 594, in apply_async
    return app.send_task(
           ^^^^^^^^^^^^^^
  File "C:\Users\kfelder\Desktop\Projects\CHRA\myenv\Lib\site-packages\celery\app\base.py", line 794, in send_task
    with self.producer_or_acquire(producer) as P:
         ^^^^^^^^^^^^^^^^^^^^^^^^^^^^^^^^^^
  File "C:\Users\kfelder\Desktop\Projects\CHRA\myenv\Lib\site-packages\celery\app\base.py", line 929, in producer_or_acquire
    producer, self.producer_pool.acquire, block=True,
              ^^^^^^^^^^^^^^^^^^
  File "C:\Users\kfelder\Desktop\Projects\CHRA\myenv\Lib\site-packages\celery\app\base.py", line 1344, in producer_pool
    return self.amqp.producer_pool
           ^^^^^^^^^^^^^^^^^^^^^^^
  File "C:\Users\kfelder\Desktop\Projects\CHRA\myenv\Lib\site-packages\celery\app\amqp.py", line 590, in producer_pool
    self.app.connection_for_write()]
    ^^^^^^^^^^^^^^^^^^^^^^^^^^^^^^^
  File "C:\Users\kfelder\Desktop\Projects\CHRA\myenv\Lib\site-packages\celery\app\base.py", line 826, in connection_for_write
    return self._connection(url or self.conf.broker_write_url, **kwargs)
           ^^^^^^^^^^^^^^^^^^^^^^^^^^^^^^^^^^^^^^^^^^^^^^^^^^^^^^^^^^^^^
  File "C:\Users\kfelder\Desktop\Projects\CHRA\myenv\Lib\site-packages\celery\app\base.py", line 877, in _connection
    return self.amqp.Connection(
           ^^^^^^^^^^^^^^^^^^^^^
  File "C:\Users\kfelder\Desktop\Projects\CHRA\myenv\Lib\site-packages\kombu\connection.py", line 201, in __init__
    if not get_transport_cls(transport).can_parse_url:
           ^^^^^^^^^^^^^^^^^^^^^^^^^^^^
  File "C:\Users\kfelder\Desktop\Projects\CHRA\myenv\Lib\site-packages\kombu\transport\__init__.py", line 90, in get_transport_cls
    _transport_cache[transport] = resolve_transport(transport)
                                  ^^^^^^^^^^^^^^^^^^^^^^^^^^^^
  File "C:\Users\kfelder\Desktop\Projects\CHRA\myenv\Lib\site-packages\kombu\transport\__init__.py", line 75, in resolve_transport
    return symbol_by_name(transport)
           ^^^^^^^^^^^^^^^^^^^^^^^^^
  File "C:\Users\kfelder\Desktop\Projects\CHRA\myenv\Lib\site-packages\kombu\utils\imports.py", line 59, in symbol_by_name
    module = imp(module_name, package=package, **kwargs)
             ^^^^^^^^^^^^^^^^^^^^^^^^^^^^^^^^^^^^^^^^^^^
  File "C:\Users\kfelder\AppData\Local\Programs\Python\Python311\Lib\importlib\__init__.py", line 126, in import_module
    return _bootstrap._gcd_import(name[level:], package, level)
           ^^^^^^^^^^^^^^^^^^^^^^^^^^^^^^^^^^^^^^^^^^^^^^^^^^^^
  File "<frozen importlib._bootstrap>", line 1206, in _gcd_import
  File "<frozen importlib._bootstrap>", line 1178, in _find_and_load
  File "<frozen importlib._bootstrap>", line 1149, in _find_and_load_unlocked
  File "<frozen importlib._bootstrap>", line 690, in _load_unlocked
  File "<frozen importlib._bootstrap_external>", line 940, in exec_module
  File "<frozen importlib._bootstrap>", line 241, in _call_with_frames_removed
  File "C:\Users\kfelder\Desktop\Projects\CHRA\myenv\Lib\site-packages\kombu\transport\redis.py", line 266, in <module>
    class PrefixedStrictRedis(GlobalKeyPrefixMixin, redis.Redis):
                                                    ^^^^^^^^^^^
AttributeError: 'NoneType' object has no attribute 'Redis'
2023-10-08 13:43:44,471 - INFO - Saving file to /Users/kfelder/Desktop/uploads\SF-52_LN_RPA_Redacted.pdf
2023-10-08 13:43:44,472 - INFO - File saved, calling Celery task...
2023-10-08 13:43:44,479 - ERROR - Exception on /upload [POST]
Traceback (most recent call last):
  File "C:\Users\kfelder\Desktop\Projects\CHRA\myenv\Lib\site-packages\flask\app.py", line 1455, in wsgi_app
    response = self.full_dispatch_request()
               ^^^^^^^^^^^^^^^^^^^^^^^^^^^^
  File "C:\Users\kfelder\Desktop\Projects\CHRA\myenv\Lib\site-packages\flask\app.py", line 869, in full_dispatch_request
    rv = self.handle_user_exception(e)
         ^^^^^^^^^^^^^^^^^^^^^^^^^^^^^
  File "C:\Users\kfelder\Desktop\Projects\CHRA\myenv\Lib\site-packages\flask\app.py", line 867, in full_dispatch_request
    rv = self.dispatch_request()
         ^^^^^^^^^^^^^^^^^^^^^^^
  File "C:\Users\kfelder\Desktop\Projects\CHRA\myenv\Lib\site-packages\flask\app.py", line 852, in dispatch_request
    return self.ensure_sync(self.view_functions[rule.endpoint])(**view_args)
           ^^^^^^^^^^^^^^^^^^^^^^^^^^^^^^^^^^^^^^^^^^^^^^^^^^^^^^^^^^^^^^^^^
  File "C:\Users\kfelder\Desktop\Projects\automatic-system\app.py", line 41, in upload_file
    analyze_and_rename_document_task.delay(file_path)
  File "C:\Users\kfelder\Desktop\Projects\CHRA\myenv\Lib\site-packages\celery\app\task.py", line 444, in delay
    return self.apply_async(args, kwargs)
           ^^^^^^^^^^^^^^^^^^^^^^^^^^^^^^
  File "C:\Users\kfelder\Desktop\Projects\CHRA\myenv\Lib\site-packages\celery\app\task.py", line 594, in apply_async
    return app.send_task(
           ^^^^^^^^^^^^^^
  File "C:\Users\kfelder\Desktop\Projects\CHRA\myenv\Lib\site-packages\celery\app\base.py", line 794, in send_task
    with self.producer_or_acquire(producer) as P:
         ^^^^^^^^^^^^^^^^^^^^^^^^^^^^^^^^^^
  File "C:\Users\kfelder\Desktop\Projects\CHRA\myenv\Lib\site-packages\celery\app\base.py", line 929, in producer_or_acquire
    producer, self.producer_pool.acquire, block=True,
              ^^^^^^^^^^^^^^^^^^
  File "C:\Users\kfelder\Desktop\Projects\CHRA\myenv\Lib\site-packages\celery\app\base.py", line 1344, in producer_pool
    return self.amqp.producer_pool
           ^^^^^^^^^^^^^^^^^^^^^^^
  File "C:\Users\kfelder\Desktop\Projects\CHRA\myenv\Lib\site-packages\celery\app\amqp.py", line 590, in producer_pool
    self.app.connection_for_write()]
    ^^^^^^^^^^^^^^^^^^^^^^^^^^^^^^^
  File "C:\Users\kfelder\Desktop\Projects\CHRA\myenv\Lib\site-packages\celery\app\base.py", line 826, in connection_for_write
    return self._connection(url or self.conf.broker_write_url, **kwargs)
           ^^^^^^^^^^^^^^^^^^^^^^^^^^^^^^^^^^^^^^^^^^^^^^^^^^^^^^^^^^^^^
  File "C:\Users\kfelder\Desktop\Projects\CHRA\myenv\Lib\site-packages\celery\app\base.py", line 877, in _connection
    return self.amqp.Connection(
           ^^^^^^^^^^^^^^^^^^^^^
  File "C:\Users\kfelder\Desktop\Projects\CHRA\myenv\Lib\site-packages\kombu\connection.py", line 201, in __init__
    if not get_transport_cls(transport).can_parse_url:
           ^^^^^^^^^^^^^^^^^^^^^^^^^^^^
  File "C:\Users\kfelder\Desktop\Projects\CHRA\myenv\Lib\site-packages\kombu\transport\__init__.py", line 90, in get_transport_cls
    _transport_cache[transport] = resolve_transport(transport)
                                  ^^^^^^^^^^^^^^^^^^^^^^^^^^^^
  File "C:\Users\kfelder\Desktop\Projects\CHRA\myenv\Lib\site-packages\kombu\transport\__init__.py", line 75, in resolve_transport
    return symbol_by_name(transport)
           ^^^^^^^^^^^^^^^^^^^^^^^^^
  File "C:\Users\kfelder\Desktop\Projects\CHRA\myenv\Lib\site-packages\kombu\utils\imports.py", line 59, in symbol_by_name
    module = imp(module_name, package=package, **kwargs)
             ^^^^^^^^^^^^^^^^^^^^^^^^^^^^^^^^^^^^^^^^^^^
  File "C:\Users\kfelder\AppData\Local\Programs\Python\Python311\Lib\importlib\__init__.py", line 126, in import_module
    return _bootstrap._gcd_import(name[level:], package, level)
           ^^^^^^^^^^^^^^^^^^^^^^^^^^^^^^^^^^^^^^^^^^^^^^^^^^^^
  File "<frozen importlib._bootstrap>", line 1206, in _gcd_import
  File "<frozen importlib._bootstrap>", line 1178, in _find_and_load
  File "<frozen importlib._bootstrap>", line 1149, in _find_and_load_unlocked
  File "<frozen importlib._bootstrap>", line 690, in _load_unlocked
  File "<frozen importlib._bootstrap_external>", line 940, in exec_module
  File "<frozen importlib._bootstrap>", line 241, in _call_with_frames_removed
  File "C:\Users\kfelder\Desktop\Projects\CHRA\myenv\Lib\site-packages\kombu\transport\redis.py", line 266, in <module>
    class PrefixedStrictRedis(GlobalKeyPrefixMixin, redis.Redis):
                                                    ^^^^^^^^^^^
AttributeError: 'NoneType' object has no attribute 'Redis'
2023-10-08 13:44:41,100 - INFO - Saving file to /Users/kfelder/Desktop/uploads\SF-52_LN_RPA_Redacted.pdf
2023-10-08 13:44:41,100 - INFO - File saved, calling Celery task...
2023-10-08 13:44:41,108 - ERROR - Exception on /upload [POST]
Traceback (most recent call last):
  File "C:\Users\kfelder\Desktop\Projects\CHRA\myenv\Lib\site-packages\flask\app.py", line 1455, in wsgi_app
    response = self.full_dispatch_request()
               ^^^^^^^^^^^^^^^^^^^^^^^^^^^^
  File "C:\Users\kfelder\Desktop\Projects\CHRA\myenv\Lib\site-packages\flask\app.py", line 869, in full_dispatch_request
    rv = self.handle_user_exception(e)
         ^^^^^^^^^^^^^^^^^^^^^^^^^^^^^
  File "C:\Users\kfelder\Desktop\Projects\CHRA\myenv\Lib\site-packages\flask\app.py", line 867, in full_dispatch_request
    rv = self.dispatch_request()
         ^^^^^^^^^^^^^^^^^^^^^^^
  File "C:\Users\kfelder\Desktop\Projects\CHRA\myenv\Lib\site-packages\flask\app.py", line 852, in dispatch_request
    return self.ensure_sync(self.view_functions[rule.endpoint])(**view_args)
           ^^^^^^^^^^^^^^^^^^^^^^^^^^^^^^^^^^^^^^^^^^^^^^^^^^^^^^^^^^^^^^^^^
  File "C:\Users\kfelder\Desktop\Projects\automatic-system\app.py", line 41, in upload_file
    analyze_and_rename_document_task.delay(file_path)
  File "C:\Users\kfelder\Desktop\Projects\CHRA\myenv\Lib\site-packages\celery\app\task.py", line 444, in delay
    return self.apply_async(args, kwargs)
           ^^^^^^^^^^^^^^^^^^^^^^^^^^^^^^
  File "C:\Users\kfelder\Desktop\Projects\CHRA\myenv\Lib\site-packages\celery\app\task.py", line 594, in apply_async
    return app.send_task(
           ^^^^^^^^^^^^^^
  File "C:\Users\kfelder\Desktop\Projects\CHRA\myenv\Lib\site-packages\celery\app\base.py", line 794, in send_task
    with self.producer_or_acquire(producer) as P:
         ^^^^^^^^^^^^^^^^^^^^^^^^^^^^^^^^^^
  File "C:\Users\kfelder\Desktop\Projects\CHRA\myenv\Lib\site-packages\celery\app\base.py", line 929, in producer_or_acquire
    producer, self.producer_pool.acquire, block=True,
              ^^^^^^^^^^^^^^^^^^
  File "C:\Users\kfelder\Desktop\Projects\CHRA\myenv\Lib\site-packages\celery\app\base.py", line 1344, in producer_pool
    return self.amqp.producer_pool
           ^^^^^^^^^^^^^^^^^^^^^^^
  File "C:\Users\kfelder\Desktop\Projects\CHRA\myenv\Lib\site-packages\celery\app\amqp.py", line 590, in producer_pool
    self.app.connection_for_write()]
    ^^^^^^^^^^^^^^^^^^^^^^^^^^^^^^^
  File "C:\Users\kfelder\Desktop\Projects\CHRA\myenv\Lib\site-packages\celery\app\base.py", line 826, in connection_for_write
    return self._connection(url or self.conf.broker_write_url, **kwargs)
           ^^^^^^^^^^^^^^^^^^^^^^^^^^^^^^^^^^^^^^^^^^^^^^^^^^^^^^^^^^^^^
  File "C:\Users\kfelder\Desktop\Projects\CHRA\myenv\Lib\site-packages\celery\app\base.py", line 877, in _connection
    return self.amqp.Connection(
           ^^^^^^^^^^^^^^^^^^^^^
  File "C:\Users\kfelder\Desktop\Projects\CHRA\myenv\Lib\site-packages\kombu\connection.py", line 201, in __init__
    if not get_transport_cls(transport).can_parse_url:
           ^^^^^^^^^^^^^^^^^^^^^^^^^^^^
  File "C:\Users\kfelder\Desktop\Projects\CHRA\myenv\Lib\site-packages\kombu\transport\__init__.py", line 90, in get_transport_cls
    _transport_cache[transport] = resolve_transport(transport)
                                  ^^^^^^^^^^^^^^^^^^^^^^^^^^^^
  File "C:\Users\kfelder\Desktop\Projects\CHRA\myenv\Lib\site-packages\kombu\transport\__init__.py", line 75, in resolve_transport
    return symbol_by_name(transport)
           ^^^^^^^^^^^^^^^^^^^^^^^^^
  File "C:\Users\kfelder\Desktop\Projects\CHRA\myenv\Lib\site-packages\kombu\utils\imports.py", line 59, in symbol_by_name
    module = imp(module_name, package=package, **kwargs)
             ^^^^^^^^^^^^^^^^^^^^^^^^^^^^^^^^^^^^^^^^^^^
  File "C:\Users\kfelder\AppData\Local\Programs\Python\Python311\Lib\importlib\__init__.py", line 126, in import_module
    return _bootstrap._gcd_import(name[level:], package, level)
           ^^^^^^^^^^^^^^^^^^^^^^^^^^^^^^^^^^^^^^^^^^^^^^^^^^^^
  File "<frozen importlib._bootstrap>", line 1206, in _gcd_import
  File "<frozen importlib._bootstrap>", line 1178, in _find_and_load
  File "<frozen importlib._bootstrap>", line 1149, in _find_and_load_unlocked
  File "<frozen importlib._bootstrap>", line 690, in _load_unlocked
  File "<frozen importlib._bootstrap_external>", line 940, in exec_module
  File "<frozen importlib._bootstrap>", line 241, in _call_with_frames_removed
  File "C:\Users\kfelder\Desktop\Projects\CHRA\myenv\Lib\site-packages\kombu\transport\redis.py", line 266, in <module>
    class PrefixedStrictRedis(GlobalKeyPrefixMixin, redis.Redis):
                                                    ^^^^^^^^^^^
AttributeError: 'NoneType' object has no attribute 'Redis'
2023-10-08 13:53:07,454 - INFO - Saving file to /Users/kfelder/Desktop/uploads\SF-52_LN_RPA_Redacted.pdf
2023-10-08 13:53:07,455 - INFO - File saved, calling Celery task...
2023-10-08 13:53:07,462 - ERROR - Exception on /upload [POST]
Traceback (most recent call last):
  File "C:\Users\kfelder\Desktop\Projects\CHRA\myenv\Lib\site-packages\flask\app.py", line 1455, in wsgi_app
    response = self.full_dispatch_request()
               ^^^^^^^^^^^^^^^^^^^^^^^^^^^^
  File "C:\Users\kfelder\Desktop\Projects\CHRA\myenv\Lib\site-packages\flask\app.py", line 869, in full_dispatch_request
    rv = self.handle_user_exception(e)
         ^^^^^^^^^^^^^^^^^^^^^^^^^^^^^
  File "C:\Users\kfelder\Desktop\Projects\CHRA\myenv\Lib\site-packages\flask\app.py", line 867, in full_dispatch_request
    rv = self.dispatch_request()
         ^^^^^^^^^^^^^^^^^^^^^^^
  File "C:\Users\kfelder\Desktop\Projects\CHRA\myenv\Lib\site-packages\flask\app.py", line 852, in dispatch_request
    return self.ensure_sync(self.view_functions[rule.endpoint])(**view_args)
           ^^^^^^^^^^^^^^^^^^^^^^^^^^^^^^^^^^^^^^^^^^^^^^^^^^^^^^^^^^^^^^^^^
  File "C:\Users\kfelder\Desktop\Projects\automatic-system\app.py", line 41, in upload_file
    analyze_and_rename_document_task.delay(file_path)
  File "C:\Users\kfelder\Desktop\Projects\CHRA\myenv\Lib\site-packages\celery\app\task.py", line 444, in delay
    return self.apply_async(args, kwargs)
           ^^^^^^^^^^^^^^^^^^^^^^^^^^^^^^
  File "C:\Users\kfelder\Desktop\Projects\CHRA\myenv\Lib\site-packages\celery\app\task.py", line 594, in apply_async
    return app.send_task(
           ^^^^^^^^^^^^^^
  File "C:\Users\kfelder\Desktop\Projects\CHRA\myenv\Lib\site-packages\celery\app\base.py", line 794, in send_task
    with self.producer_or_acquire(producer) as P:
         ^^^^^^^^^^^^^^^^^^^^^^^^^^^^^^^^^^
  File "C:\Users\kfelder\Desktop\Projects\CHRA\myenv\Lib\site-packages\celery\app\base.py", line 929, in producer_or_acquire
    producer, self.producer_pool.acquire, block=True,
              ^^^^^^^^^^^^^^^^^^
  File "C:\Users\kfelder\Desktop\Projects\CHRA\myenv\Lib\site-packages\celery\app\base.py", line 1344, in producer_pool
    return self.amqp.producer_pool
           ^^^^^^^^^^^^^^^^^^^^^^^
  File "C:\Users\kfelder\Desktop\Projects\CHRA\myenv\Lib\site-packages\celery\app\amqp.py", line 590, in producer_pool
    self.app.connection_for_write()]
    ^^^^^^^^^^^^^^^^^^^^^^^^^^^^^^^
  File "C:\Users\kfelder\Desktop\Projects\CHRA\myenv\Lib\site-packages\celery\app\base.py", line 826, in connection_for_write
    return self._connection(url or self.conf.broker_write_url, **kwargs)
           ^^^^^^^^^^^^^^^^^^^^^^^^^^^^^^^^^^^^^^^^^^^^^^^^^^^^^^^^^^^^^
  File "C:\Users\kfelder\Desktop\Projects\CHRA\myenv\Lib\site-packages\celery\app\base.py", line 877, in _connection
    return self.amqp.Connection(
           ^^^^^^^^^^^^^^^^^^^^^
  File "C:\Users\kfelder\Desktop\Projects\CHRA\myenv\Lib\site-packages\kombu\connection.py", line 201, in __init__
    if not get_transport_cls(transport).can_parse_url:
           ^^^^^^^^^^^^^^^^^^^^^^^^^^^^
  File "C:\Users\kfelder\Desktop\Projects\CHRA\myenv\Lib\site-packages\kombu\transport\__init__.py", line 90, in get_transport_cls
    _transport_cache[transport] = resolve_transport(transport)
                                  ^^^^^^^^^^^^^^^^^^^^^^^^^^^^
  File "C:\Users\kfelder\Desktop\Projects\CHRA\myenv\Lib\site-packages\kombu\transport\__init__.py", line 75, in resolve_transport
    return symbol_by_name(transport)
           ^^^^^^^^^^^^^^^^^^^^^^^^^
  File "C:\Users\kfelder\Desktop\Projects\CHRA\myenv\Lib\site-packages\kombu\utils\imports.py", line 59, in symbol_by_name
    module = imp(module_name, package=package, **kwargs)
             ^^^^^^^^^^^^^^^^^^^^^^^^^^^^^^^^^^^^^^^^^^^
  File "C:\Users\kfelder\AppData\Local\Programs\Python\Python311\Lib\importlib\__init__.py", line 126, in import_module
    return _bootstrap._gcd_import(name[level:], package, level)
           ^^^^^^^^^^^^^^^^^^^^^^^^^^^^^^^^^^^^^^^^^^^^^^^^^^^^
  File "<frozen importlib._bootstrap>", line 1206, in _gcd_import
  File "<frozen importlib._bootstrap>", line 1178, in _find_and_load
  File "<frozen importlib._bootstrap>", line 1149, in _find_and_load_unlocked
  File "<frozen importlib._bootstrap>", line 690, in _load_unlocked
  File "<frozen importlib._bootstrap_external>", line 940, in exec_module
  File "<frozen importlib._bootstrap>", line 241, in _call_with_frames_removed
  File "C:\Users\kfelder\Desktop\Projects\CHRA\myenv\Lib\site-packages\kombu\transport\redis.py", line 266, in <module>
    class PrefixedStrictRedis(GlobalKeyPrefixMixin, redis.Redis):
                                                    ^^^^^^^^^^^
AttributeError: 'NoneType' object has no attribute 'Redis'
2023-10-08 13:55:56,942 - INFO - Saving file to /Users/kfelder/Desktop/uploads\SF-52_LN_RPA_Redacted.pdf
2023-10-08 13:55:56,942 - INFO - File saved, calling Celery task...
2023-10-08 13:56:05,192 - ERROR - Connection to Redis lost: Retry (0/20) now.
2023-10-08 13:56:09,253 - ERROR - Connection to Redis lost: Retry (1/20) in 1.00 second.
2023-10-08 13:56:14,368 - ERROR - Connection to Redis lost: Retry (2/20) in 1.00 second.
2023-10-08 13:56:19,467 - ERROR - Connection to Redis lost: Retry (3/20) in 1.00 second.
2023-10-08 13:56:56,549 - INFO - Saving file to /Users/kfelder/Desktop/uploads\SF-52_LN_RPA_Redacted.pdf
2023-10-08 13:56:56,549 - INFO - File saved, calling Celery task...
2023-10-08 13:57:04,772 - ERROR - Connection to Redis lost: Retry (0/20) now.
2023-10-08 13:57:08,838 - ERROR - Connection to Redis lost: Retry (1/20) in 1.00 second.
2023-10-08 13:58:41,767 - INFO - Saving file to /Users/kfelder/Desktop/uploads\SF-52_LN_RPA_Redacted.pdf
2023-10-08 13:58:41,767 - INFO - File saved, calling Celery task...
2023-10-08 13:58:41,781 - ERROR - Exception on /upload [POST]
Traceback (most recent call last):
  File "C:\Users\kfelder\Desktop\Projects\CHRA\myenv\Lib\site-packages\flask\app.py", line 1455, in wsgi_app
    response = self.full_dispatch_request()
               ^^^^^^^^^^^^^^^^^^^^^^^^^^^^
  File "C:\Users\kfelder\Desktop\Projects\CHRA\myenv\Lib\site-packages\flask\app.py", line 869, in full_dispatch_request
    rv = self.handle_user_exception(e)
         ^^^^^^^^^^^^^^^^^^^^^^^^^^^^^
  File "C:\Users\kfelder\Desktop\Projects\CHRA\myenv\Lib\site-packages\flask\app.py", line 867, in full_dispatch_request
    rv = self.dispatch_request()
         ^^^^^^^^^^^^^^^^^^^^^^^
  File "C:\Users\kfelder\Desktop\Projects\CHRA\myenv\Lib\site-packages\flask\app.py", line 852, in dispatch_request
    return self.ensure_sync(self.view_functions[rule.endpoint])(**view_args)
           ^^^^^^^^^^^^^^^^^^^^^^^^^^^^^^^^^^^^^^^^^^^^^^^^^^^^^^^^^^^^^^^^^
  File "C:\Users\kfelder\Desktop\Projects\automatic-system\app.py", line 41, in upload_file
    analyze_and_rename_document_task.delay(file_path)
  File "C:\Users\kfelder\Desktop\Projects\CHRA\myenv\Lib\site-packages\celery\app\task.py", line 444, in delay
    return self.apply_async(args, kwargs)
           ^^^^^^^^^^^^^^^^^^^^^^^^^^^^^^
  File "C:\Users\kfelder\Desktop\Projects\CHRA\myenv\Lib\site-packages\celery\app\task.py", line 594, in apply_async
    return app.send_task(
           ^^^^^^^^^^^^^^
  File "C:\Users\kfelder\Desktop\Projects\CHRA\myenv\Lib\site-packages\celery\app\base.py", line 794, in send_task
    with self.producer_or_acquire(producer) as P:
         ^^^^^^^^^^^^^^^^^^^^^^^^^^^^^^^^^^
  File "C:\Users\kfelder\Desktop\Projects\CHRA\myenv\Lib\site-packages\celery\app\base.py", line 929, in producer_or_acquire
    producer, self.producer_pool.acquire, block=True,
              ^^^^^^^^^^^^^^^^^^
  File "C:\Users\kfelder\Desktop\Projects\CHRA\myenv\Lib\site-packages\celery\app\base.py", line 1344, in producer_pool
    return self.amqp.producer_pool
           ^^^^^^^^^^^^^^^^^^^^^^^
  File "C:\Users\kfelder\Desktop\Projects\CHRA\myenv\Lib\site-packages\celery\app\amqp.py", line 590, in producer_pool
    self.app.connection_for_write()]
    ^^^^^^^^^^^^^^^^^^^^^^^^^^^^^^^
  File "C:\Users\kfelder\Desktop\Projects\CHRA\myenv\Lib\site-packages\celery\app\base.py", line 826, in connection_for_write
    return self._connection(url or self.conf.broker_write_url, **kwargs)
           ^^^^^^^^^^^^^^^^^^^^^^^^^^^^^^^^^^^^^^^^^^^^^^^^^^^^^^^^^^^^^
  File "C:\Users\kfelder\Desktop\Projects\CHRA\myenv\Lib\site-packages\celery\app\base.py", line 877, in _connection
    return self.amqp.Connection(
           ^^^^^^^^^^^^^^^^^^^^^
  File "C:\Users\kfelder\Desktop\Projects\CHRA\myenv\Lib\site-packages\kombu\connection.py", line 201, in __init__
    if not get_transport_cls(transport).can_parse_url:
           ^^^^^^^^^^^^^^^^^^^^^^^^^^^^
  File "C:\Users\kfelder\Desktop\Projects\CHRA\myenv\Lib\site-packages\kombu\transport\__init__.py", line 90, in get_transport_cls
    _transport_cache[transport] = resolve_transport(transport)
                                  ^^^^^^^^^^^^^^^^^^^^^^^^^^^^
  File "C:\Users\kfelder\Desktop\Projects\CHRA\myenv\Lib\site-packages\kombu\transport\__init__.py", line 75, in resolve_transport
    return symbol_by_name(transport)
           ^^^^^^^^^^^^^^^^^^^^^^^^^
  File "C:\Users\kfelder\Desktop\Projects\CHRA\myenv\Lib\site-packages\kombu\utils\imports.py", line 59, in symbol_by_name
    module = imp(module_name, package=package, **kwargs)
             ^^^^^^^^^^^^^^^^^^^^^^^^^^^^^^^^^^^^^^^^^^^
  File "C:\Users\kfelder\AppData\Local\Programs\Python\Python311\Lib\importlib\__init__.py", line 126, in import_module
    return _bootstrap._gcd_import(name[level:], package, level)
           ^^^^^^^^^^^^^^^^^^^^^^^^^^^^^^^^^^^^^^^^^^^^^^^^^^^^
  File "<frozen importlib._bootstrap>", line 1206, in _gcd_import
  File "<frozen importlib._bootstrap>", line 1178, in _find_and_load
  File "<frozen importlib._bootstrap>", line 1149, in _find_and_load_unlocked
  File "<frozen importlib._bootstrap>", line 690, in _load_unlocked
  File "<frozen importlib._bootstrap_external>", line 940, in exec_module
  File "<frozen importlib._bootstrap>", line 241, in _call_with_frames_removed
  File "C:\Users\kfelder\Desktop\Projects\CHRA\myenv\Lib\site-packages\kombu\transport\redis.py", line 266, in <module>
    class PrefixedStrictRedis(GlobalKeyPrefixMixin, redis.Redis):
                                                    ^^^^^^^^^^^
AttributeError: 'NoneType' object has no attribute 'Redis'
